
  .   ____          _            __ _ _
 /\\ / ___'_ __ _ _(_)_ __  __ _ \ \ \ \
( ( )\___ | '_ | '_| | '_ \/ _` | \ \ \ \
 \\/  ___)| |_)| | | | | || (_| |  ) ) ) )
  '  |____| .__|_| |_|_| |_\__, | / / / /
 =========|_|==============|___/=/_/_/_/
 :: Spring Boot ::                (v3.0.4)

2023-06-19T09:04:10.493Z  INFO 14845 --- [           main] com.gateway.GatewayApplication           : Starting GatewayApplication v0.0.1-SNAPSHOT using Java 17.0.7 with PID 14845 (/home/ubuntu/mainNotif/backend/GatewayWorkspace/Gateway/target/Gateway-0.0.1-SNAPSHOT.jar started by ubuntu in /home/ubuntu/mainNotif/backend/GatewayWorkspace/Gateway)
2023-06-19T09:04:10.506Z  INFO 14845 --- [           main] com.gateway.GatewayApplication           : No active profile set, falling back to 1 default profile: "default"
2023-06-19T09:04:12.618Z  INFO 14845 --- [           main] o.s.cloud.context.scope.GenericScope     : BeanFactory id=054c7315-ddbe-320b-976c-c9092541627a
2023-06-19T09:04:12.767Z  INFO 14845 --- [           main] trationDelegate$BeanPostProcessorChecker : Bean 'org.springframework.cloud.client.loadbalancer.reactive.LoadBalancerBeanPostProcessorAutoConfiguration' of type [org.springframework.cloud.client.loadbalancer.reactive.LoadBalancerBeanPostProcessorAutoConfiguration] is not eligible for getting processed by all BeanPostProcessors (for example: not eligible for auto-proxying)
2023-06-19T09:04:12.769Z  INFO 14845 --- [           main] trationDelegate$BeanPostProcessorChecker : Bean 'org.springframework.cloud.client.loadbalancer.reactive.LoadBalancerBeanPostProcessorAutoConfiguration$ReactorDeferringLoadBalancerFilterConfig' of type [org.springframework.cloud.client.loadbalancer.reactive.LoadBalancerBeanPostProcessorAutoConfiguration$ReactorDeferringLoadBalancerFilterConfig] is not eligible for getting processed by all BeanPostProcessors (for example: not eligible for auto-proxying)
2023-06-19T09:04:12.771Z  INFO 14845 --- [           main] trationDelegate$BeanPostProcessorChecker : Bean 'reactorDeferringLoadBalancerExchangeFilterFunction' of type [org.springframework.cloud.client.loadbalancer.reactive.DeferringLoadBalancerExchangeFilterFunction] is not eligible for getting processed by all BeanPostProcessors (for example: not eligible for auto-proxying)
2023-06-19T09:04:13.947Z  INFO 14845 --- [           main] o.s.c.g.r.RouteDefinitionRouteLocator    : Loaded RoutePredicateFactory [After]
2023-06-19T09:04:13.949Z  INFO 14845 --- [           main] o.s.c.g.r.RouteDefinitionRouteLocator    : Loaded RoutePredicateFactory [Before]
2023-06-19T09:04:13.949Z  INFO 14845 --- [           main] o.s.c.g.r.RouteDefinitionRouteLocator    : Loaded RoutePredicateFactory [Between]
2023-06-19T09:04:13.949Z  INFO 14845 --- [           main] o.s.c.g.r.RouteDefinitionRouteLocator    : Loaded RoutePredicateFactory [Cookie]
2023-06-19T09:04:13.949Z  INFO 14845 --- [           main] o.s.c.g.r.RouteDefinitionRouteLocator    : Loaded RoutePredicateFactory [Header]
2023-06-19T09:04:13.949Z  INFO 14845 --- [           main] o.s.c.g.r.RouteDefinitionRouteLocator    : Loaded RoutePredicateFactory [Host]
2023-06-19T09:04:13.950Z  INFO 14845 --- [           main] o.s.c.g.r.RouteDefinitionRouteLocator    : Loaded RoutePredicateFactory [Method]
2023-06-19T09:04:13.950Z  INFO 14845 --- [           main] o.s.c.g.r.RouteDefinitionRouteLocator    : Loaded RoutePredicateFactory [Path]
2023-06-19T09:04:13.950Z  INFO 14845 --- [           main] o.s.c.g.r.RouteDefinitionRouteLocator    : Loaded RoutePredicateFactory [Query]
2023-06-19T09:04:13.950Z  INFO 14845 --- [           main] o.s.c.g.r.RouteDefinitionRouteLocator    : Loaded RoutePredicateFactory [ReadBody]
2023-06-19T09:04:13.950Z  INFO 14845 --- [           main] o.s.c.g.r.RouteDefinitionRouteLocator    : Loaded RoutePredicateFactory [RemoteAddr]
2023-06-19T09:04:13.950Z  INFO 14845 --- [           main] o.s.c.g.r.RouteDefinitionRouteLocator    : Loaded RoutePredicateFactory [XForwardedRemoteAddr]
2023-06-19T09:04:13.950Z  INFO 14845 --- [           main] o.s.c.g.r.RouteDefinitionRouteLocator    : Loaded RoutePredicateFactory [Weight]
2023-06-19T09:04:13.951Z  INFO 14845 --- [           main] o.s.c.g.r.RouteDefinitionRouteLocator    : Loaded RoutePredicateFactory [CloudFoundryRouteService]
2023-06-19T09:04:14.408Z  INFO 14845 --- [           main] o.s.b.a.e.web.EndpointLinksResolver      : Exposing 1 endpoint(s) beneath base path '/actuator'
2023-06-19T09:04:14.768Z  INFO 14845 --- [           main] DiscoveryClientOptionalArgsConfiguration : Eureka HTTP Client uses RestTemplate.
2023-06-19T09:04:14.842Z  WARN 14845 --- [           main] iguration$LoadBalancerCaffeineWarnLogger : Spring Cloud LoadBalancer is currently working with the default cache. While this cache implementation is useful for development and tests, it's recommended to use Caffeine cache in production.You can switch to using Caffeine cache, by adding it and org.springframework.cache.caffeine.CaffeineCacheManager to the classpath.
2023-06-19T09:04:14.901Z  INFO 14845 --- [           main] o.s.c.n.eureka.InstanceInfoFactory       : Setting initial instance status as: STARTING
2023-06-19T09:04:15.008Z  INFO 14845 --- [           main] com.netflix.discovery.DiscoveryClient    : Initializing Eureka in region us-east-1
2023-06-19T09:04:15.046Z  INFO 14845 --- [           main] c.n.d.s.r.aws.ConfigClusterResolver      : Resolving eureka endpoints via configuration
2023-06-19T09:04:15.091Z  INFO 14845 --- [           main] com.netflix.discovery.DiscoveryClient    : Disable delta property : false
2023-06-19T09:04:15.091Z  INFO 14845 --- [           main] com.netflix.discovery.DiscoveryClient    : Single vip registry refresh property : null
2023-06-19T09:04:15.092Z  INFO 14845 --- [           main] com.netflix.discovery.DiscoveryClient    : Force full registry fetch : false
2023-06-19T09:04:15.092Z  INFO 14845 --- [           main] com.netflix.discovery.DiscoveryClient    : Application is null : false
2023-06-19T09:04:15.092Z  INFO 14845 --- [           main] com.netflix.discovery.DiscoveryClient    : Registered Applications size is zero : true
2023-06-19T09:04:15.092Z  INFO 14845 --- [           main] com.netflix.discovery.DiscoveryClient    : Application version is -1: true
2023-06-19T09:04:15.092Z  INFO 14845 --- [           main] com.netflix.discovery.DiscoveryClient    : Getting all instance registry info from the eureka server
2023-06-19T09:04:15.696Z  INFO 14845 --- [           main] com.netflix.discovery.DiscoveryClient    : The response status is 200
2023-06-19T09:04:15.699Z  INFO 14845 --- [           main] com.netflix.discovery.DiscoveryClient    : Starting heartbeat executor: renew interval is: 30
2023-06-19T09:04:15.706Z  INFO 14845 --- [           main] c.n.discovery.InstanceInfoReplicator     : InstanceInfoReplicator onDemand update allowed rate per min is 4
2023-06-19T09:04:15.719Z  INFO 14845 --- [           main] com.netflix.discovery.DiscoveryClient    : Discovery Client initialized at timestamp 1687165455717 with initial instances count: 1
2023-06-19T09:04:15.721Z  INFO 14845 --- [           main] o.s.c.n.e.s.EurekaServiceRegistry        : Registering application GATEWAY with eureka with status UP
2023-06-19T09:04:15.721Z  INFO 14845 --- [           main] com.netflix.discovery.DiscoveryClient    : Saw local status change event StatusChangeEvent [timestamp=1687165455721, current=UP, previous=STARTING]
2023-06-19T09:04:15.724Z  INFO 14845 --- [nfoReplicator-0] com.netflix.discovery.DiscoveryClient    : DiscoveryClient_GATEWAY/ip-172-31-21-34:GATEWAY:8888: registering service...
2023-06-19T09:04:15.800Z  INFO 14845 --- [nfoReplicator-0] com.netflix.discovery.DiscoveryClient    : DiscoveryClient_GATEWAY/ip-172-31-21-34:GATEWAY:8888 - registration status: 204
2023-06-19T09:04:15.964Z  INFO 14845 --- [           main] o.s.b.web.embedded.netty.NettyWebServer  : Netty started on port 8888
2023-06-19T09:04:15.966Z  INFO 14845 --- [           main] .s.c.n.e.s.EurekaAutoServiceRegistration : Updating port to 8888
2023-06-19T09:04:16.029Z  INFO 14845 --- [           main] com.gateway.GatewayApplication           : Started GatewayApplication in 6.346 seconds (process running for 7.181)
2023-06-19T09:09:15.095Z  INFO 14845 --- [trap-executor-0] c.n.d.s.r.aws.ConfigClusterResolver      : Resolving eureka endpoints via configuration
2023-06-19T09:14:15.096Z  INFO 14845 --- [trap-executor-0] c.n.d.s.r.aws.ConfigClusterResolver      : Resolving eureka endpoints via configuration
2023-06-19T09:19:15.097Z  INFO 14845 --- [trap-executor-0] c.n.d.s.r.aws.ConfigClusterResolver      : Resolving eureka endpoints via configuration
2023-06-19T09:24:15.098Z  INFO 14845 --- [trap-executor-0] c.n.d.s.r.aws.ConfigClusterResolver      : Resolving eureka endpoints via configuration
2023-06-19T09:29:15.098Z  INFO 14845 --- [trap-executor-0] c.n.d.s.r.aws.ConfigClusterResolver      : Resolving eureka endpoints via configuration
2023-06-19T09:34:15.099Z  INFO 14845 --- [trap-executor-0] c.n.d.s.r.aws.ConfigClusterResolver      : Resolving eureka endpoints via configuration
2023-06-19T09:39:15.100Z  INFO 14845 --- [trap-executor-0] c.n.d.s.r.aws.ConfigClusterResolver      : Resolving eureka endpoints via configuration
2023-06-19T09:44:15.101Z  INFO 14845 --- [trap-executor-0] c.n.d.s.r.aws.ConfigClusterResolver      : Resolving eureka endpoints via configuration
