
  .   ____          _            __ _ _
 /\\ / ___'_ __ _ _(_)_ __  __ _ \ \ \ \
( ( )\___ | '_ | '_| | '_ \/ _` | \ \ \ \
 \\/  ___)| |_)| | | | | || (_| |  ) ) ) )
  '  |____| .__|_| |_|_| |_\__, | / / / /
 =========|_|==============|___/=/_/_/_/
 :: Spring Boot ::                (v3.0.7)

2023-06-13T12:55:40.450Z  INFO 19800 --- [           main] com.identity.IdentityApplication         : Starting IdentityApplication v0.0.1-SNAPSHOT using Java 17.0.7 with PID 19800 (/home/ubuntu/mainNotif/backend/IndentityWorkspace/identity/target/identity-0.0.1-SNAPSHOT.jar started by ubuntu in /home/ubuntu/mainNotif/backend/IndentityWorkspace/identity)
2023-06-13T12:55:40.455Z  INFO 19800 --- [           main] com.identity.IdentityApplication         : No active profile set, falling back to 1 default profile: "default"
2023-06-13T12:55:42.323Z  INFO 19800 --- [           main] .s.d.r.c.RepositoryConfigurationDelegate : Bootstrapping Spring Data MongoDB repositories in DEFAULT mode.
2023-06-13T12:55:42.608Z  INFO 19800 --- [           main] .s.d.r.c.RepositoryConfigurationDelegate : Finished Spring Data repository scanning in 278 ms. Found 1 MongoDB repository interfaces.
2023-06-13T12:55:43.029Z  INFO 19800 --- [           main] o.s.cloud.context.scope.GenericScope     : BeanFactory id=0d177090-fb57-336b-99f5-c1db5d4492b1
2023-06-13T12:55:43.439Z  INFO 19800 --- [           main] o.s.b.w.embedded.tomcat.TomcatWebServer  : Tomcat initialized with port(s): 8090 (http)
2023-06-13T12:55:43.453Z  INFO 19800 --- [           main] o.apache.catalina.core.StandardService   : Starting service [Tomcat]
2023-06-13T12:55:43.453Z  INFO 19800 --- [           main] o.apache.catalina.core.StandardEngine    : Starting Servlet engine: [Apache Tomcat/10.1.8]
2023-06-13T12:55:43.892Z  INFO 19800 --- [           main] org.apache.jasper.servlet.TldScanner     : At least one JAR was scanned for TLDs yet contained no TLDs. Enable debug logging for this logger for a complete list of JARs that were scanned but no TLDs were found in them. Skipping unneeded JARs during scanning can improve startup time and JSP compilation time.
2023-06-13T12:55:43.965Z  INFO 19800 --- [           main] o.a.c.c.C.[Tomcat].[localhost].[/]       : Initializing Spring embedded WebApplicationContext
2023-06-13T12:55:43.967Z  INFO 19800 --- [           main] w.s.c.ServletWebServerApplicationContext : Root WebApplicationContext: initialization completed in 3397 ms
2023-06-13T12:55:44.615Z  INFO 19800 --- [           main] org.mongodb.driver.client                : MongoClient with metadata {"driver": {"name": "mongo-java-driver|sync|spring-boot", "version": "4.8.2"}, "os": {"type": "Linux", "name": "Linux", "architecture": "amd64", "version": "5.15.0-1037-aws"}, "platform": "Java/Oracle Corporation/17.0.7+8-LTS-224"} created with settings MongoClientSettings{readPreference=primary, writeConcern=WriteConcern{w=null, wTimeout=null ms, journal=null}, retryWrites=true, retryReads=true, readConcern=ReadConcern{level=null}, credential=null, streamFactoryFactory=null, commandListeners=[io.micrometer.core.instrument.binder.mongodb.MongoMetricsCommandListener@9ec531], codecRegistry=ProvidersCodecRegistry{codecProviders=[ValueCodecProvider{}, BsonValueCodecProvider{}, DBRefCodecProvider{}, DBObjectCodecProvider{}, DocumentCodecProvider{}, CollectionCodecProvider{}, IterableCodecProvider{}, MapCodecProvider{}, GeoJsonCodecProvider{}, GridFSFileCodecProvider{}, Jsr310CodecProvider{}, JsonObjectCodecProvider{}, BsonCodecProvider{}, EnumCodecProvider{}, com.mongodb.Jep395RecordCodecProvider@40147317]}, clusterSettings={hosts=[localhost:27017], srvServiceName=mongodb, mode=SINGLE, requiredClusterType=UNKNOWN, requiredReplicaSetName='null', serverSelector='null', clusterListeners='[]', serverSelectionTimeout='30000 ms', localThreshold='30000 ms'}, socketSettings=SocketSettings{connectTimeoutMS=10000, readTimeoutMS=0, receiveBufferSize=0, sendBufferSize=0}, heartbeatSocketSettings=SocketSettings{connectTimeoutMS=10000, readTimeoutMS=10000, receiveBufferSize=0, sendBufferSize=0}, connectionPoolSettings=ConnectionPoolSettings{maxSize=100, minSize=0, maxWaitTimeMS=120000, maxConnectionLifeTimeMS=0, maxConnectionIdleTimeMS=0, maintenanceInitialDelayMS=0, maintenanceFrequencyMS=60000, connectionPoolListeners=[io.micrometer.core.instrument.binder.mongodb.MongoMetricsConnectionPoolListener@210f0cc1], maxConnecting=2}, serverSettings=ServerSettings{heartbeatFrequencyMS=10000, minHeartbeatFrequencyMS=500, serverListeners='[]', serverMonitorListeners='[]'}, sslSettings=SslSettings{enabled=false, invalidHostNameAllowed=false, context=null}, applicationName='null', compressorList=[], uuidRepresentation=JAVA_LEGACY, serverApi=null, autoEncryptionSettings=null, contextProvider=null}
2023-06-13T12:55:44.651Z  INFO 19800 --- [localhost:27017] org.mongodb.driver.cluster               : Monitor thread successfully connected to server with description ServerDescription{address=localhost:27017, type=STANDALONE, state=CONNECTED, ok=true, minWireVersion=0, maxWireVersion=6, maxDocumentSize=16777216, logicalSessionTimeoutMinutes=30, roundTripTimeNanos=52165379}
2023-06-13T12:55:45.786Z  INFO 19800 --- [           main] o.s.b.a.e.web.EndpointLinksResolver      : Exposing 1 endpoint(s) beneath base path '/actuator'
2023-06-13T12:55:45.846Z  INFO 19800 --- [           main] o.s.s.web.DefaultSecurityFilterChain     : Will secure any request with [org.springframework.security.web.session.DisableEncodeUrlFilter@2bef09c0, org.springframework.security.web.context.request.async.WebAsyncManagerIntegrationFilter@62ce72ff, org.springframework.security.web.context.SecurityContextHolderFilter@4ce14f05, org.springframework.security.web.header.HeaderWriterFilter@29528a22, org.springframework.security.web.authentication.logout.LogoutFilter@65a5d4f9, org.springframework.security.web.authentication.UsernamePasswordAuthenticationFilter@385e36d4, org.springframework.security.web.authentication.ui.DefaultLoginPageGeneratingFilter@30501e60, org.springframework.security.web.authentication.ui.DefaultLogoutPageGeneratingFilter@58a63629, org.springframework.security.web.savedrequest.RequestCacheAwareFilter@b965857, org.springframework.security.web.servletapi.SecurityContextHolderAwareRequestFilter@27a7ef08, org.springframework.security.web.authentication.AnonymousAuthenticationFilter@7de843ef, org.springframework.security.web.access.ExceptionTranslationFilter@784c5ef5, org.springframework.security.web.access.intercept.AuthorizationFilter@5bcb04cb]
2023-06-13T12:55:46.198Z  INFO 19800 --- [           main] DiscoveryClientOptionalArgsConfiguration : Eureka HTTP Client uses RestTemplate.
2023-06-13T12:55:46.257Z  WARN 19800 --- [           main] iguration$LoadBalancerCaffeineWarnLogger : Spring Cloud LoadBalancer is currently working with the default cache. While this cache implementation is useful for development and tests, it's recommended to use Caffeine cache in production.You can switch to using Caffeine cache, by adding it and org.springframework.cache.caffeine.CaffeineCacheManager to the classpath.
2023-06-13T12:55:46.316Z  INFO 19800 --- [           main] o.s.c.n.eureka.InstanceInfoFactory       : Setting initial instance status as: STARTING
2023-06-13T12:55:46.407Z  INFO 19800 --- [           main] com.netflix.discovery.DiscoveryClient    : Initializing Eureka in region us-east-1
2023-06-13T12:55:46.415Z  INFO 19800 --- [           main] c.n.d.s.r.aws.ConfigClusterResolver      : Resolving eureka endpoints via configuration
2023-06-13T12:55:46.446Z  INFO 19800 --- [           main] com.netflix.discovery.DiscoveryClient    : Disable delta property : false
2023-06-13T12:55:46.446Z  INFO 19800 --- [           main] com.netflix.discovery.DiscoveryClient    : Single vip registry refresh property : null
2023-06-13T12:55:46.446Z  INFO 19800 --- [           main] com.netflix.discovery.DiscoveryClient    : Force full registry fetch : false
2023-06-13T12:55:46.446Z  INFO 19800 --- [           main] com.netflix.discovery.DiscoveryClient    : Application is null : false
2023-06-13T12:55:46.446Z  INFO 19800 --- [           main] com.netflix.discovery.DiscoveryClient    : Registered Applications size is zero : true
2023-06-13T12:55:46.446Z  INFO 19800 --- [           main] com.netflix.discovery.DiscoveryClient    : Application version is -1: true
2023-06-13T12:55:46.446Z  INFO 19800 --- [           main] com.netflix.discovery.DiscoveryClient    : Getting all instance registry info from the eureka server
2023-06-13T12:55:47.057Z  INFO 19800 --- [           main] com.netflix.discovery.DiscoveryClient    : The response status is 200
2023-06-13T12:55:47.062Z  INFO 19800 --- [           main] com.netflix.discovery.DiscoveryClient    : Starting heartbeat executor: renew interval is: 30
2023-06-13T12:55:47.073Z  INFO 19800 --- [           main] c.n.discovery.InstanceInfoReplicator     : InstanceInfoReplicator onDemand update allowed rate per min is 4
2023-06-13T12:55:47.086Z  INFO 19800 --- [           main] com.netflix.discovery.DiscoveryClient    : Discovery Client initialized at timestamp 1686660947084 with initial instances count: 4
2023-06-13T12:55:47.088Z  INFO 19800 --- [           main] o.s.c.n.e.s.EurekaServiceRegistry        : Registering application IDENTITY with eureka with status UP
2023-06-13T12:55:47.088Z  INFO 19800 --- [           main] com.netflix.discovery.DiscoveryClient    : Saw local status change event StatusChangeEvent [timestamp=1686660947088, current=UP, previous=STARTING]
2023-06-13T12:55:47.091Z  INFO 19800 --- [nfoReplicator-0] com.netflix.discovery.DiscoveryClient    : DiscoveryClient_IDENTITY/ip-172-31-21-34.us-east-2.compute.internal:identity:8090: registering service...
2023-06-13T12:55:47.208Z  INFO 19800 --- [nfoReplicator-0] com.netflix.discovery.DiscoveryClient    : DiscoveryClient_IDENTITY/ip-172-31-21-34.us-east-2.compute.internal:identity:8090 - registration status: 204
2023-06-13T12:55:47.234Z  INFO 19800 --- [           main] o.s.b.w.embedded.tomcat.TomcatWebServer  : Tomcat started on port(s): 8090 (http) with context path ''
2023-06-13T12:55:47.242Z  INFO 19800 --- [           main] .s.c.n.e.s.EurekaAutoServiceRegistration : Updating port to 8090
2023-06-13T12:55:47.288Z  INFO 19800 --- [           main] com.identity.IdentityApplication         : Started IdentityApplication in 7.739 seconds (process running for 8.645)
